0 info it worked if it ends with ok
1 verbose cli [
1 verbose cli   'C:\\Program Files\\nodejs\\node.exe',
1 verbose cli   'C:\\Program Files\\nodejs\\node_modules\\npm\\bin\\npm-cli.js',
1 verbose cli   'run',
1 verbose cli   'start:win32'
1 verbose cli ]
2 info using npm@6.14.12
3 info using node@v14.16.1
4 verbose run-script [ 'prestart:win32', 'start:win32', 'poststart:win32' ]
5 info lifecycle happy-birthday@1.0.0~prestart:win32: happy-birthday@1.0.0
6 info lifecycle happy-birthday@1.0.0~start:win32: happy-birthday@1.0.0
7 verbose lifecycle happy-birthday@1.0.0~start:win32: unsafe-perm in lifecycle true
8 verbose lifecycle happy-birthday@1.0.0~start:win32: PATH: C:\Program Files\nodejs\node_modules\npm\node_modules\npm-lifecycle\node-gyp-bin;D:\Visual Studio Python\happy-birthday-master\node_modules\.bin;C:\Program Files\nodejs\node_modules\npm\node_modules\npm-lifecycle\node-gyp-bin;D:\Visual Studio Python\happy-birthday-master\node_modules\.bin;C:\Program Files\Common Files\Oracle\Java\javapath;D:\Oracle\dbhomeXE\bin;C:\ProgramData\Oracle\Java\javapath;C:\Users\USER;C:\xampp\php;C:\composer;C:\Users\USER\AppData\Roaming\npm;C:\src\flutter\bin;C:\Program Files\Git\cmd;D:\;C:\Program Files\nodejs\;C:\Program Files\PuTTY\;C:\Windows\System32;C:\Users\USER\AppData\Local\Programs\Microsoft VS Code\bin;C:\Users\USER\AppData\Local\hyper\app-3.0.2\resources\bin;C:\src\flutter\bin;C:\Windows\System32\WindowsPowerShell\v1.0;C:\Users\USER\Scripts;D:\Heroku\bin;D:\IntelliJ IDEA Community Edition 2020.2.1\bin;;C:\Users\USER\AppData\Roaming\Python\Python38\Scripts;C:\Users\USER\AppData\Roaming\npm;
9 verbose lifecycle happy-birthday@1.0.0~start:win32: CWD: D:\Visual Studio Python\happy-birthday-master
10 silly lifecycle happy-birthday@1.0.0~start:win32: Args: [
10 silly lifecycle   '/d /s /c',
10 silly lifecycle   `browser-sync start --server --files '**/*.css, **/*.html, **/*.js, !node_modules/**/*' --directory --port 7777 --browser "C:\\Program Files\\Firefox Developer Edition\\firefox.exe"`
10 silly lifecycle ]
11 silly lifecycle happy-birthday@1.0.0~start:win32: Returned: code: 134  signal: null
12 info lifecycle happy-birthday@1.0.0~start:win32: Failed to exec start:win32 script
13 verbose stack Error: happy-birthday@1.0.0 start:win32: `browser-sync start --server --files '**/*.css, **/*.html, **/*.js, !node_modules/**/*' --directory --port 7777 --browser "C:\Program Files\Firefox Developer Edition\firefox.exe"`
13 verbose stack Exit status 134
13 verbose stack     at EventEmitter.<anonymous> (C:\Program Files\nodejs\node_modules\npm\node_modules\npm-lifecycle\index.js:332:16)
13 verbose stack     at EventEmitter.emit (events.js:315:20)
13 verbose stack     at ChildProcess.<anonymous> (C:\Program Files\nodejs\node_modules\npm\node_modules\npm-lifecycle\lib\spawn.js:55:14)
13 verbose stack     at ChildProcess.emit (events.js:315:20)
13 verbose stack     at maybeClose (internal/child_process.js:1048:16)
13 verbose stack     at Process.ChildProcess._handle.onexit (internal/child_process.js:288:5)
14 verbose pkgid happy-birthday@1.0.0
15 verbose cwd D:\Visual Studio Python\happy-birthday-master
16 verbose Windows_NT 10.0.18363
17 verbose argv "C:\\Program Files\\nodejs\\node.exe" "C:\\Program Files\\nodejs\\node_modules\\npm\\bin\\npm-cli.js" "run" "start:win32"
18 verbose node v14.16.1
19 verbose npm  v6.14.12
20 error code ELIFECYCLE
21 error errno 134
22 error happy-birthday@1.0.0 start:win32: `browser-sync start --server --files '**/*.css, **/*.html, **/*.js, !node_modules/**/*' --directory --port 7777 --browser "C:\Program Files\Firefox Developer Edition\firefox.exe"`
22 error Exit status 134
23 error Failed at the happy-birthday@1.0.0 start:win32 script.
23 error This is probably not a problem with npm. There is likely additional logging output above.
24 verbose exit [ 134, true ]
